[35m[Appium][39m Welcome to Appium v1.22.3
[35m[Appium][39m Non-default server args:
[35m[Appium][39m   port: 60297
[35m[Appium][39m   loglevel: info
[35m[Appium][39m   tmpDir: C:\Users\moham\AppData\Local\Temp\\Katalon\Appium\Temp1724151280568
[35m[Appium][39m   chromedriverPort: 60298
[35m[Appium][39m Deprecated server args:
[35m[Appium][39m   [31m--chromedriver-port[39m => --default-capabilities
[35m[Appium][39m Default capabilities, which will be added to each request unless overridden by desired capabilities:
[35m[Appium][39m   chromedriverPort: 60298
[35m[Appium][39m Appium REST http interface listener started on 0.0.0.0:60297
[35m[HTTP][39m [37m-->[39m [37mGET[39m [37m/wd/hub/status[39m
[35m[HTTP][39m [90m{}[39m
[35m[HTTP][39m [37m<-- GET /wd/hub/status [39m[32m200[39m [90m21 ms - 68[39m
[35m[HTTP][39m [90m[39m
[35m[HTTP][39m [37m-->[39m [37mGET[39m [37m/wd/hub/status[39m
[35m[HTTP][39m [90m{}[39m
[35m[HTTP][39m [37m<-- GET /wd/hub/status [39m[32m200[39m [90m2 ms - 68[39m
[35m[HTTP][39m [90m[39m
[35m[HTTP][39m [37m-->[39m [37mPOST[39m [37m/wd/hub/session[39m
[35m[HTTP][39m [90m{"desiredCapabilities":{"appPackage":"com.android.settings","deviceId":"RR8R30E25DN","deviceName":"samsung SM-A325F (Android 12)","platform":"ANDROID","appActivity":".Settings","newCommandTimeout":1800,"platformVersion":"12","automationName":"uiautomator2","autoGrantPermissions":true,"platformName":"Android","udid":"RR8R30E25DN","systemPort":8248},"capabilities":{"firstMatch":[{"appium:appActivity":".Settings","appium:appPackage":"com.android.settings","appium:autoGrantPermissions":true,"appium:automationName":"uiautomator2","deviceId":"RR8R30E25DN","appium:deviceName":"samsung SM-A325F (Android 12)","appium:newCommandTimeout":1800,"platform":"ANDROID","platformName":"android","appium:platformVersion":"12","appium:systemPort":8248,"appium:udid":"RR8R30E25DN"}]}}[39m
[35m[BaseDriver][39m The following capabilities are not standard capabilities and should have an extension prefix:
[35m[BaseDriver][39m   deviceId
[35m[BaseDriver][39m   platform
[35m[BaseDriver][39m   chromedriverPort
[35m[Appium][39m Appium v1.22.3 creating new AndroidUiautomator2Driver (v1.70.1) session
[35m[BaseDriver][39m The following capabilities were provided, but are not recognized by Appium:
[35m[BaseDriver][39m   deviceId
[35m[BaseDriver][39m   platform
[35m[BaseDriver][39m Session created with session id: 8747d0ba-5caf-43b6-9122-689dfdfcfe58
[35m[UiAutomator2][39m Starting 'com.android.settings' directly on the device
[35m[ADB][39m Found 2 'build-tools' folders under 'C:\Users\moham\AppData\Local\Android\Sdk' (newest first):
[35m[ADB][39m     C:/Users/moham/AppData/Local/Android/Sdk/build-tools/30.0.3
[35m[ADB][39m     C:/Users/moham/AppData/Local/Android/Sdk/build-tools/29.0.3
[35m[ADB][39m Using 'adb.exe' from 'C:\Users\moham\AppData\Local\Android\Sdk\platform-tools\adb.exe'
[35m[AndroidDriver][39m Retrieving device list
[35m[AndroidDriver][39m Using device: RR8R30E25DN
[35m[ADB][39m Using 'adb.exe' from 'C:\Users\moham\AppData\Local\Android\Sdk\platform-tools\adb.exe'
[35m[ADB][39m Getting device platform version
[35m[UiAutomator2][39m Relaxing hidden api policy
[35m[AndroidDriver][39m No app sent in, not parsing package/activity
[35m[ADB][39m Using 'apksigner.jar' from 'C:\Users\moham\AppData\Local\Android\Sdk\build-tools\30.0.3\lib\apksigner.jar'
[35m[ADB][39m 'D:\AutomationRebuild\atapps-rebuild-pickup\node_modules\appium\node_modules\appium-uiautomator2-server\apks\appium-uiautomator2-server-v4.27.0.apk' is signed with the default certificate
[35m[ADB][39m 'D:\AutomationRebuild\atapps-rebuild-pickup\node_modules\appium\node_modules\appium-uiautomator2-server\apks\appium-uiautomator2-server-debug-androidTest.apk' is signed with the default certificate
[35m[UiAutomator2][39m Server packages are not going to be (re)installed
[35m[ADB][39m Adding packages ["io.appium.settings","io.appium.uiautomator2.server","io.appium.uiautomator2.server.test"] to Doze whitelist
[35m[ADB][39m com.android.settings contains no permissions available for granting
[35m[UiAutomator2][39m Starting UIAutomator2 server 4.27.0
[35m[UiAutomator2][39m Using UIAutomator2 server from 'D:\AutomationRebuild\atapps-rebuild-pickup\node_modules\appium\node_modules\appium-uiautomator2-server\apks\appium-uiautomator2-server-v4.27.0.apk' and test from 'D:\AutomationRebuild\atapps-rebuild-pickup\node_modules\appium\node_modules\appium-uiautomator2-server\apks\appium-uiautomator2-server-debug-androidTest.apk'
[35m[UiAutomator2][39m Waiting up to 30000ms for UiAutomator2 to be online...
[35m[WD Proxy][39m socket hang up
[35m[WD Proxy][39m socket hang up
[35m[WD Proxy][39m socket hang up
[35m[WD Proxy][39m Determined the downstream protocol as 'W3C'
[35m[AndroidDriver][39m Screen already unlocked, doing nothing
[35m[UiAutomator2][39m Starting 'com.android.settings/.Settings and waiting for 'com.android.settings/.Settings'
[35m[Appium][39m New AndroidUiautomator2Driver session created successfully, session 8747d0ba-5caf-43b6-9122-689dfdfcfe58 added to master session list
[35m[HTTP][39m [37m<-- POST /wd/hub/session [39m[32m200[39m [90m11940 ms - 1208[39m
[35m[HTTP][39m [90m[39m
[35m[HTTP][39m [37m-->[39m [37mGET[39m [37m/wd/hub/session/8747d0ba-5caf-43b6-9122-689dfdfcfe58[39m
[35m[HTTP][39m [90m{}[39m
[35m[HTTP][39m [37m<-- GET /wd/hub/session/8747d0ba-5caf-43b6-9122-689dfdfcfe58 [39m[32m200[39m [90m31 ms - 1162[39m
[35m[HTTP][39m [90m[39m
[35m[HTTP][39m [37m-->[39m [37mGET[39m [37m/wd/hub/session/8747d0ba-5caf-43b6-9122-689dfdfcfe58[39m
[35m[HTTP][39m [90m{}[39m
[35m[HTTP][39m [37m<-- GET /wd/hub/session/8747d0ba-5caf-43b6-9122-689dfdfcfe58 [39m[32m200[39m [90m21 ms - 1162[39m
[35m[HTTP][39m [90m[39m
[35m[HTTP][39m [37m-->[39m [37mGET[39m [37m/wd/hub/status[39m
[35m[HTTP][39m [90m{}[39m
[35m[HTTP][39m [37m<-- GET /wd/hub/status [39m[32m200[39m [90m2 ms - 68[39m
[35m[HTTP][39m [90m[39m
[35m[HTTP][39m [37m-->[39m [37mPOST[39m [37m/wd/hub/session/8747d0ba-5caf-43b6-9122-689dfdfcfe58/timeouts[39m
[35m[HTTP][39m [90m{"implicit":60000}[39m
[35m[HTTP][39m [37m<-- POST /wd/hub/session/8747d0ba-5caf-43b6-9122-689dfdfcfe58/timeouts [39m[32m200[39m [90m6 ms - 14[39m
[35m[HTTP][39m [90m[39m
[35m[HTTP][39m [37m-->[39m [37mGET[39m [37m/wd/hub/session/8747d0ba-5caf-43b6-9122-689dfdfcfe58/screenshot[39m
[35m[HTTP][39m [90m{}[39m
[35m[HTTP][39m [37m<-- GET /wd/hub/session/8747d0ba-5caf-43b6-9122-689dfdfcfe58/screenshot [39m[32m200[39m [90m1038 ms - 233844[39m
[35m[HTTP][39m [90m[39m
[35m[HTTP][39m [37m-->[39m [37mGET[39m [37m/wd/hub/session/8747d0ba-5caf-43b6-9122-689dfdfcfe58/window/rect[39m
[35m[HTTP][39m [90m{}[39m
[35m[HTTP][39m [37m<-- GET /wd/hub/session/8747d0ba-5caf-43b6-9122-689dfdfcfe58/window/rect [39m[32m200[39m [90m25 ms - 50[39m
[35m[HTTP][39m [90m[39m
[35m[HTTP][39m [37m-->[39m [37mGET[39m [37m/wd/hub/session/8747d0ba-5caf-43b6-9122-689dfdfcfe58/appium/device/system_bars[39m
[35m[HTTP][39m [90m{}[39m
[35m[HTTP][39m [37m<-- GET /wd/hub/session/8747d0ba-5caf-43b6-9122-689dfdfcfe58/appium/device/system_bars [39m[32m200[39m [90m170 ms - 145[39m
[35m[HTTP][39m [90m[39m
[35m[HTTP][39m [37m-->[39m [37mPOST[39m [37m/wd/hub/session/8747d0ba-5caf-43b6-9122-689dfdfcfe58/appium/device/activate_app[39m
[35m[HTTP][39m [90m{"bundleId":"id.logique.jbabastkjba.dev"}[39m
[35m[HTTP][39m [37m<-- POST /wd/hub/session/8747d0ba-5caf-43b6-9122-689dfdfcfe58/appium/device/activate_app [39m[32m200[39m [90m832 ms - 14[39m
[35m[HTTP][39m [90m[39m
[35m[HTTP][39m [37m-->[39m [37mGET[39m [37m/wd/hub/session/8747d0ba-5caf-43b6-9122-689dfdfcfe58/source[39m
[35m[HTTP][39m [90m{}[39m
[35m[W3C (8747d0ba)][39m Driver proxy active, passing request on via HTTP proxy
[35m[WD Proxy][39m Replacing sessionId 309df07a-8eb6-4ad3-8fa9-21f4b3926598 with 8747d0ba-5caf-43b6-9122-689dfdfcfe58
[35m[HTTP][39m [37m<-- GET /wd/hub/session/8747d0ba-5caf-43b6-9122-689dfdfcfe58/source [39m[32m200[39m [90m399 ms - 13412[39m
[35m[HTTP][39m [90m[39m
[35m[HTTP][39m [37m-->[39m [37mGET[39m [37m/wd/hub/session/8747d0ba-5caf-43b6-9122-689dfdfcfe58/screenshot[39m
[35m[HTTP][39m [90m{}[39m
[35m[HTTP][39m [37m<-- GET /wd/hub/session/8747d0ba-5caf-43b6-9122-689dfdfcfe58/screenshot [39m[32m200[39m [90m761 ms - 157022[39m
[35m[HTTP][39m [90m[39m
[35m[HTTP][39m [37m-->[39m [37mGET[39m [37m/wd/hub/session/8747d0ba-5caf-43b6-9122-689dfdfcfe58/source[39m
[35m[HTTP][39m [90m{}[39m
[35m[W3C (8747d0ba)][39m Driver proxy active, passing request on via HTTP proxy
[35m[WD Proxy][39m Replacing sessionId 309df07a-8eb6-4ad3-8fa9-21f4b3926598 with 8747d0ba-5caf-43b6-9122-689dfdfcfe58
[35m[HTTP][39m [37m<-- GET /wd/hub/session/8747d0ba-5caf-43b6-9122-689dfdfcfe58/source [39m[32m200[39m [90m1168 ms - 37436[39m
[35m[HTTP][39m [90m[39m
[35m[HTTP][39m [37m-->[39m [37mGET[39m [37m/wd/hub/session/8747d0ba-5caf-43b6-9122-689dfdfcfe58/screenshot[39m
[35m[HTTP][39m [90m{}[39m
[35m[HTTP][39m [37m<-- GET /wd/hub/session/8747d0ba-5caf-43b6-9122-689dfdfcfe58/screenshot [39m[32m200[39m [90m789 ms - 137926[39m
[35m[HTTP][39m [90m[39m
[35m[HTTP][39m [37m-->[39m [37mPOST[39m [37m/wd/hub/session/8747d0ba-5caf-43b6-9122-689dfdfcfe58/elements[39m
[35m[HTTP][39m [90m{"using":"xpath","value":"//*[@class = 'android.widget.TextView' and (@text = ':' or . = ':')]"}[39m
[35m[HTTP][39m [37m<-- POST /wd/hub/session/8747d0ba-5caf-43b6-9122-689dfdfcfe58/elements [39m[32m200[39m [90m1456 ms - 1163[39m
[35m[HTTP][39m [90m[39m
[35m[HTTP][39m [37m-->[39m [37mPOST[39m [37m/wd/hub/session/8747d0ba-5caf-43b6-9122-689dfdfcfe58/elements[39m
[35m[HTTP][39m [90m{"using":"-android uiautomator","value":"new UiSelector().className(\"android.widget.TextView\").text(\":\")"}[39m
[35m[HTTP][39m [37m<-- POST /wd/hub/session/8747d0ba-5caf-43b6-9122-689dfdfcfe58/elements [39m[32m200[39m [90m398 ms - 1163[39m
[35m[HTTP][39m [90m[39m
[35m[HTTP][39m [37m-->[39m [37mPOST[39m [37m/wd/hub/session/8747d0ba-5caf-43b6-9122-689dfdfcfe58/elements[39m
[35m[HTTP][39m [90m{"using":"xpath","value":"//*[@class = 'android.widget.TextView' and (@text = 'Seller' or . = 'Seller')]"}[39m
[35m[HTTP][39m [37m<-- POST /wd/hub/session/8747d0ba-5caf-43b6-9122-689dfdfcfe58/elements [39m[32m200[39m [90m715 ms - 139[39m
[35m[HTTP][39m [90m[39m
[35m[HTTP][39m [37m-->[39m [37mPOST[39m [37m/wd/hub/session/8747d0ba-5caf-43b6-9122-689dfdfcfe58/elements[39m
[35m[HTTP][39m [90m{"using":"xpath","value":"//*[@class = 'android.widget.EditText' and @resource-id = 'id.logique.jbabastkjba.dev:id/et_seller' and (@text = '' or . = '')]"}[39m
[35m[HTTP][39m [37m<-- POST /wd/hub/session/8747d0ba-5caf-43b6-9122-689dfdfcfe58/elements [39m[32m200[39m [90m690 ms - 139[39m
[35m[HTTP][39m [90m[39m
[35m[HTTP][39m [37m-->[39m [37mGET[39m [37m/wd/hub/session/8747d0ba-5caf-43b6-9122-689dfdfcfe58/source[39m
[35m[HTTP][39m [90m{}[39m
[35m[W3C (8747d0ba)][39m Driver proxy active, passing request on via HTTP proxy
[35m[WD Proxy][39m Replacing sessionId 309df07a-8eb6-4ad3-8fa9-21f4b3926598 with 8747d0ba-5caf-43b6-9122-689dfdfcfe58
[35m[HTTP][39m [37m<-- GET /wd/hub/session/8747d0ba-5caf-43b6-9122-689dfdfcfe58/source [39m[32m200[39m [90m123 ms - 9810[39m
[35m[HTTP][39m [90m[39m
[35m[HTTP][39m [37m-->[39m [37mGET[39m [37m/wd/hub/session/8747d0ba-5caf-43b6-9122-689dfdfcfe58/screenshot[39m
[35m[HTTP][39m [90m{}[39m
[35m[HTTP][39m [37m<-- GET /wd/hub/session/8747d0ba-5caf-43b6-9122-689dfdfcfe58/screenshot [39m[32m200[39m [90m805 ms - 188814[39m
[35m[HTTP][39m [90m[39m
[35m[HTTP][39m [37m-->[39m [37mPOST[39m [37m/wd/hub/session/8747d0ba-5caf-43b6-9122-689dfdfcfe58/elements[39m
[35m[HTTP][39m [90m{"using":"xpath","value":"//*[@class = 'android.widget.EditText' and @resource-id = 'id.logique.jbabastkjba.dev:id/searchBox' and (@text = '' or . = '')]"}[39m
[35m[HTTP][39m [37m<-- POST /wd/hub/session/8747d0ba-5caf-43b6-9122-689dfdfcfe58/elements [39m[32m200[39m [90m266 ms - 139[39m
[35m[HTTP][39m [90m[39m
[35m[HTTP][39m [37m-->[39m [37mGET[39m [37m/wd/hub/session/8747d0ba-5caf-43b6-9122-689dfdfcfe58/source[39m
[35m[HTTP][39m [90m{}[39m
[35m[W3C (8747d0ba)][39m Driver proxy active, passing request on via HTTP proxy
[35m[WD Proxy][39m Replacing sessionId 309df07a-8eb6-4ad3-8fa9-21f4b3926598 with 8747d0ba-5caf-43b6-9122-689dfdfcfe58
[35m[HTTP][39m [37m<-- GET /wd/hub/session/8747d0ba-5caf-43b6-9122-689dfdfcfe58/source [39m[32m200[39m [90m147 ms - 7434[39m
[35m[HTTP][39m [90m[39m
[35m[HTTP][39m [37m-->[39m [37mGET[39m [37m/wd/hub/session/8747d0ba-5caf-43b6-9122-689dfdfcfe58/screenshot[39m
[35m[HTTP][39m [90m{}[39m
[35m[HTTP][39m [37m<-- GET /wd/hub/session/8747d0ba-5caf-43b6-9122-689dfdfcfe58/screenshot [39m[32m200[39m [90m789 ms - 166860[39m
[35m[HTTP][39m [90m[39m
[35m[HTTP][39m [37m-->[39m [37mPOST[39m [37m/wd/hub/session/8747d0ba-5caf-43b6-9122-689dfdfcfe58/elements[39m
[35m[HTTP][39m [90m{"using":"xpath","value":"//*[@class = 'android.widget.TextView' and (@text = 'ABASRI' or . = 'ABASRI') and @resource-id = 'id.logique.jbabastkjba.dev:id/text1']"}[39m
[35m[HTTP][39m [37m<-- POST /wd/hub/session/8747d0ba-5caf-43b6-9122-689dfdfcfe58/elements [39m[32m200[39m [90m234 ms - 139[39m
[35m[HTTP][39m [90m[39m
[35m[HTTP][39m [37m-->[39m [37mGET[39m [37m/wd/hub/session/8747d0ba-5caf-43b6-9122-689dfdfcfe58/source[39m
[35m[HTTP][39m [90m{}[39m
[35m[W3C (8747d0ba)][39m Driver proxy active, passing request on via HTTP proxy
[35m[WD Proxy][39m Replacing sessionId 309df07a-8eb6-4ad3-8fa9-21f4b3926598 with 8747d0ba-5caf-43b6-9122-689dfdfcfe58
[35m[HTTP][39m [37m<-- GET /wd/hub/session/8747d0ba-5caf-43b6-9122-689dfdfcfe58/source [39m[32m200[39m [90m161 ms - 10128[39m
[35m[HTTP][39m [90m[39m
[35m[HTTP][39m [37m-->[39m [37mGET[39m [37m/wd/hub/session/8747d0ba-5caf-43b6-9122-689dfdfcfe58/screenshot[39m
[35m[HTTP][39m [90m{}[39m
[35m[HTTP][39m [37m<-- GET /wd/hub/session/8747d0ba-5caf-43b6-9122-689dfdfcfe58/screenshot [39m[32m200[39m [90m882 ms - 189360[39m
[35m[HTTP][39m [90m[39m
[35m[HTTP][39m [37m-->[39m [37mPOST[39m [37m/wd/hub/session/8747d0ba-5caf-43b6-9122-689dfdfcfe58/elements[39m
[35m[HTTP][39m [90m{"using":"xpath","value":"//*[@class = 'android.widget.EditText' and @resource-id = 'id.logique.jbabastkjba.dev:id/searchBox' and (@text = '' or . = '')]"}[39m
[35m[HTTP][39m [37m<-- POST /wd/hub/session/8747d0ba-5caf-43b6-9122-689dfdfcfe58/elements [39m[32m200[39m [90m337 ms - 139[39m
[35m[HTTP][39m [90m[39m
[35m[HTTP][39m [37m-->[39m [37mGET[39m [37m/wd/hub/session/8747d0ba-5caf-43b6-9122-689dfdfcfe58/source[39m
[35m[HTTP][39m [90m{}[39m
[35m[W3C (8747d0ba)][39m Driver proxy active, passing request on via HTTP proxy
[35m[WD Proxy][39m Replacing sessionId 309df07a-8eb6-4ad3-8fa9-21f4b3926598 with 8747d0ba-5caf-43b6-9122-689dfdfcfe58
[35m[HTTP][39m [37m<-- GET /wd/hub/session/8747d0ba-5caf-43b6-9122-689dfdfcfe58/source [39m[32m200[39m [90m565 ms - 7430[39m
[35m[HTTP][39m [90m[39m
[35m[HTTP][39m [37m-->[39m [37mGET[39m [37m/wd/hub/session/8747d0ba-5caf-43b6-9122-689dfdfcfe58/screenshot[39m
[35m[HTTP][39m [90m{}[39m
[35m[HTTP][39m [37m<-- GET /wd/hub/session/8747d0ba-5caf-43b6-9122-689dfdfcfe58/screenshot [39m[32m200[39m [90m826 ms - 166854[39m
[35m[HTTP][39m [90m[39m
[35m[HTTP][39m [37m-->[39m [37mPOST[39m [37m/wd/hub/session/8747d0ba-5caf-43b6-9122-689dfdfcfe58/elements[39m
[35m[HTTP][39m [90m{"using":"xpath","value":"//*[@class = 'android.widget.TextView' and (@text = 'HONDA' or . = 'HONDA') and @resource-id = 'id.logique.jbabastkjba.dev:id/text1']"}[39m
[35m[HTTP][39m [37m<-- POST /wd/hub/session/8747d0ba-5caf-43b6-9122-689dfdfcfe58/elements [39m[32m200[39m [90m354 ms - 139[39m
[35m[HTTP][39m [90m[39m
[35m[HTTP][39m [37m-->[39m [37mGET[39m [37m/wd/hub/session/8747d0ba-5caf-43b6-9122-689dfdfcfe58/source[39m
[35m[HTTP][39m [90m{}[39m
[35m[W3C (8747d0ba)][39m Driver proxy active, passing request on via HTTP proxy
[35m[WD Proxy][39m Replacing sessionId 309df07a-8eb6-4ad3-8fa9-21f4b3926598 with 8747d0ba-5caf-43b6-9122-689dfdfcfe58
[35m[HTTP][39m [37m<-- GET /wd/hub/session/8747d0ba-5caf-43b6-9122-689dfdfcfe58/source [39m[32m200[39m [90m182 ms - 10160[39m
[35m[HTTP][39m [90m[39m
[35m[HTTP][39m [37m-->[39m [37mGET[39m [37m/wd/hub/session/8747d0ba-5caf-43b6-9122-689dfdfcfe58/screenshot[39m
[35m[HTTP][39m [90m{}[39m
[35m[HTTP][39m [37m<-- GET /wd/hub/session/8747d0ba-5caf-43b6-9122-689dfdfcfe58/screenshot [39m[32m200[39m [90m799 ms - 158792[39m
[35m[HTTP][39m [90m[39m
[35m[HTTP][39m [37m-->[39m [37mPOST[39m [37m/wd/hub/session/8747d0ba-5caf-43b6-9122-689dfdfcfe58/elements[39m
[35m[HTTP][39m [90m{"using":"xpath","value":"//*[@class = 'android.widget.EditText' and @resource-id = 'id.logique.jbabastkjba.dev:id/searchBox' and (@text = '' or . = '')]"}[39m
[35m[HTTP][39m [37m<-- POST /wd/hub/session/8747d0ba-5caf-43b6-9122-689dfdfcfe58/elements [39m[32m200[39m [90m224 ms - 139[39m
[35m[HTTP][39m [90m[39m
[35m[HTTP][39m [37m-->[39m [37mGET[39m [37m/wd/hub/session/8747d0ba-5caf-43b6-9122-689dfdfcfe58/source[39m
[35m[HTTP][39m [90m{}[39m
[35m[W3C (8747d0ba)][39m Driver proxy active, passing request on via HTTP proxy
[35m[WD Proxy][39m Replacing sessionId 309df07a-8eb6-4ad3-8fa9-21f4b3926598 with 8747d0ba-5caf-43b6-9122-689dfdfcfe58
[35m[HTTP][39m [37m<-- GET /wd/hub/session/8747d0ba-5caf-43b6-9122-689dfdfcfe58/source [39m[32m200[39m [90m249 ms - 10164[39m
[35m[HTTP][39m [90m[39m
[35m[HTTP][39m [37m-->[39m [37mGET[39m [37m/wd/hub/session/8747d0ba-5caf-43b6-9122-689dfdfcfe58/screenshot[39m
[35m[HTTP][39m [90m{}[39m
[35m[HTTP][39m [37m<-- GET /wd/hub/session/8747d0ba-5caf-43b6-9122-689dfdfcfe58/screenshot [39m[32m200[39m [90m879 ms - 213060[39m
[35m[HTTP][39m [90m[39m
[35m[HTTP][39m [37m-->[39m [37mPOST[39m [37m/wd/hub/session/8747d0ba-5caf-43b6-9122-689dfdfcfe58/elements[39m
[35m[HTTP][39m [90m{"using":"xpath","value":"//*[@class = 'android.widget.TextView' and (@text = 'CRV 2.0' or . = 'CRV 2.0') and @resource-id = 'id.logique.jbabastkjba.dev:id/text1']"}[39m
[35m[HTTP][39m [37m<-- POST /wd/hub/session/8747d0ba-5caf-43b6-9122-689dfdfcfe58/elements [39m[32m200[39m [90m281 ms - 139[39m
[35m[HTTP][39m [90m[39m
[35m[HTTP][39m [37m-->[39m [37mGET[39m [37m/wd/hub/session/8747d0ba-5caf-43b6-9122-689dfdfcfe58/source[39m
[35m[HTTP][39m [90m{}[39m
[35m[W3C (8747d0ba)][39m Driver proxy active, passing request on via HTTP proxy
[35m[WD Proxy][39m Replacing sessionId 309df07a-8eb6-4ad3-8fa9-21f4b3926598 with 8747d0ba-5caf-43b6-9122-689dfdfcfe58
[35m[HTTP][39m [37m<-- GET /wd/hub/session/8747d0ba-5caf-43b6-9122-689dfdfcfe58/source [39m[32m200[39m [90m188 ms - 10157[39m
[35m[HTTP][39m [90m[39m
[35m[HTTP][39m [37m-->[39m [37mGET[39m [37m/wd/hub/session/8747d0ba-5caf-43b6-9122-689dfdfcfe58/screenshot[39m
[35m[HTTP][39m [90m{}[39m
[35m[HTTP][39m [37m<-- GET /wd/hub/session/8747d0ba-5caf-43b6-9122-689dfdfcfe58/screenshot [39m[32m200[39m [90m788 ms - 158024[39m
[35m[HTTP][39m [90m[39m
[35m[HTTP][39m [37m-->[39m [37mPOST[39m [37m/wd/hub/session/8747d0ba-5caf-43b6-9122-689dfdfcfe58/elements[39m
[35m[HTTP][39m [90m{"using":"xpath","value":"//*[@class = 'android.widget.EditText' and @resource-id = 'id.logique.jbabastkjba.dev:id/searchBox' and (@text = '' or . = '')]"}[39m
[35m[HTTP][39m [37m<-- POST /wd/hub/session/8747d0ba-5caf-43b6-9122-689dfdfcfe58/elements [39m[32m200[39m [90m281 ms - 139[39m
[35m[HTTP][39m [90m[39m
[35m[HTTP][39m [37m-->[39m [37mGET[39m [37m/wd/hub/session/8747d0ba-5caf-43b6-9122-689dfdfcfe58/source[39m
[35m[HTTP][39m [90m{}[39m
[35m[W3C (8747d0ba)][39m Driver proxy active, passing request on via HTTP proxy
[35m[WD Proxy][39m Replacing sessionId 309df07a-8eb6-4ad3-8fa9-21f4b3926598 with 8747d0ba-5caf-43b6-9122-689dfdfcfe58
[35m[HTTP][39m [37m<-- GET /wd/hub/session/8747d0ba-5caf-43b6-9122-689dfdfcfe58/source [39m[32m200[39m [90m209 ms - 10164[39m
[35m[HTTP][39m [90m[39m
[35m[HTTP][39m [37m-->[39m [37mGET[39m [37m/wd/hub/session/8747d0ba-5caf-43b6-9122-689dfdfcfe58/screenshot[39m
[35m[HTTP][39m [90m{}[39m
[35m[HTTP][39m [37m<-- GET /wd/hub/session/8747d0ba-5caf-43b6-9122-689dfdfcfe58/screenshot [39m[32m200[39m [90m851 ms - 212412[39m
[35m[HTTP][39m [90m[39m
[35m[HTTP][39m [37m-->[39m [37mPOST[39m [37m/wd/hub/session/8747d0ba-5caf-43b6-9122-689dfdfcfe58/elements[39m
[35m[HTTP][39m [90m{"using":"xpath","value":"//*[@class = 'android.widget.TextView' and (@text = 'CRV 2.0' or . = 'CRV 2.0') and @resource-id = 'id.logique.jbabastkjba.dev:id/text1']"}[39m
[35m[HTTP][39m [37m<-- POST /wd/hub/session/8747d0ba-5caf-43b6-9122-689dfdfcfe58/elements [39m[32m200[39m [90m316 ms - 139[39m
[35m[HTTP][39m [90m[39m
[35m[HTTP][39m [37m-->[39m [37mDELETE[39m [37m/wd/hub/session/8747d0ba-5caf-43b6-9122-689dfdfcfe58[39m
[35m[HTTP][39m [90m{}[39m
[35m[Appium][39m Removing session 8747d0ba-5caf-43b6-9122-689dfdfcfe58 from our master session list
[35m[UiAutomator2][39m Did not get confirmation UiAutomator2 deleteSession worked; Error was: UnknownError: An unknown server-side error occurred while processing the command. Original error: 'DELETE /' cannot be proxied to UiAutomator2 server because the instrumentation process is not running (probably crashed). Check the server log and/or the logcat output for more details
[35m[UiAutomator2][39m Restoring hidden api policy to the device default configuration
[35m[HTTP][39m [37m<-- DELETE /wd/hub/session/8747d0ba-5caf-43b6-9122-689dfdfcfe58 [39m[32m200[39m [90m338 ms - 14[39m
[35m[HTTP][39m [90m[39m
